  MassSpringSystemSimulator.cpp
C:\Users\yanas\Documents\Uni\Semester 5\Game Physics\gamephysicstemplate-master\Simulations\util\vectorbase.h(11,1): warning C4005: "NOMINMAX": Makro-Neudefinition
C:\Users\yanas\Documents\Uni\Semester 5\Game Physics\gamephysicstemplate-master\Simulations\MassSpringSystemSimulator.cpp : message : Siehe vorherige Definition von "NOMINMAX"
C:\Users\yanas\Documents\Uni\Semester 5\Game Physics\gamephysicstemplate-master\Simulations\MassSpringSystemSimulator.cpp(75,16): warning C4305: "Argument": Verkürzung von "double" in "float"
C:\Users\yanas\Documents\Uni\Semester 5\Game Physics\gamephysicstemplate-master\Simulations\MassSpringSystemSimulator.cpp(85,19): warning C4305: "Argument": Verkürzung von "double" in "float"
C:\Users\yanas\Documents\Uni\Semester 5\Game Physics\gamephysicstemplate-master\Simulations\MassSpringSystemSimulator.cpp(95,19): warning C4305: "Argument": Verkürzung von "double" in "float"
C:\Users\yanas\Documents\Uni\Semester 5\Game Physics\gamephysicstemplate-master\Simulations\MassSpringSystemSimulator.cpp(103,18): warning C4305: "Argument": Verkürzung von "double" in "float"
C:\Users\yanas\Documents\Uni\Semester 5\Game Physics\gamephysicstemplate-master\Simulations\MassSpringSystemSimulator.cpp(106,18): warning C4305: "Argument": Verkürzung von "double" in "float"
C:\Users\yanas\Documents\Uni\Semester 5\Game Physics\gamephysicstemplate-master\Simulations\MassSpringSystemSimulator.cpp(114,21): warning C4305: "Argument": Verkürzung von "double" in "float"
C:\Users\yanas\Documents\Uni\Semester 5\Game Physics\gamephysicstemplate-master\Simulations\MassSpringSystemSimulator.cpp(117,21): warning C4305: "Argument": Verkürzung von "double" in "float"
C:\Users\yanas\Documents\Uni\Semester 5\Game Physics\gamephysicstemplate-master\Simulations\MassSpringSystemSimulator.cpp(125,21): warning C4305: "Argument": Verkürzung von "double" in "float"
C:\Users\yanas\Documents\Uni\Semester 5\Game Physics\gamephysicstemplate-master\Simulations\MassSpringSystemSimulator.cpp(128,21): warning C4305: "Argument": Verkürzung von "double" in "float"
C:\Users\yanas\Documents\Uni\Semester 5\Game Physics\gamephysicstemplate-master\Simulations\MassSpringSystemSimulator.cpp(136,22): warning C4305: "Argument": Verkürzung von "double" in "float"
C:\Users\yanas\Documents\Uni\Semester 5\Game Physics\gamephysicstemplate-master\Simulations\MassSpringSystemSimulator.cpp(297,22): warning C4244: "Initialisierung": Konvertierung von "double" in "float", möglicher Datenverlust
C:\Users\yanas\Documents\Uni\Semester 5\Game Physics\gamephysicstemplate-master\Simulations\MassSpringSystemSimulator.cpp(416,90): warning C4244: "Argument": Konvertierung von "double" in "float", möglicher Datenverlust
C:\Users\yanas\Documents\Uni\Semester 5\Game Physics\gamephysicstemplate-master\Simulations\MassSpringSystemSimulator.cpp(418,73): warning C4244: "Argument": Konvertierung von "double" in "float", möglicher Datenverlust
C:\Users\yanas\Documents\Uni\Semester 5\Game Physics\gamephysicstemplate-master\Simulations\MassSpringSystemSimulator.cpp(477,75): warning C4244: "Argument": Konvertierung von "double" in "float", möglicher Datenverlust
C:\Users\yanas\Documents\Uni\Semester 5\Game Physics\gamephysicstemplate-master\Simulations\util\vectorbase.h(204,36): warning C4244: "Argument": Konvertierung von "const Scalar" in "float", möglicher Datenverlust
          with
          [
              Scalar=GamePhysics::Real
          ]
C:\Users\yanas\Documents\Uni\Semester 5\Game Physics\gamephysicstemplate-master\Simulations\util\vectorbase.h(203): message : beim Kompilieren der Klasse Vorlage-Memberfunktion "DirectX::XMVECTOR GamePhysics::vector3Dim<GamePhysics::Real>::toDirectXVector(void) const"
C:\Users\yanas\Documents\Uni\Semester 5\Game Physics\gamephysicstemplate-master\Simulations\DrawingUtilitiesClass.h(285): message : Siehe Verweis auf die gerade kompilierte Instanziierung "DirectX::XMVECTOR GamePhysics::vector3Dim<GamePhysics::Real>::toDirectXVector(void) const" der Funktions-Vorlage.
C:\Users\yanas\Documents\Uni\Semester 5\Game Physics\gamephysicstemplate-master\Simulations\util\vectorbase.h(859): message : Siehe Verweis auf die gerade kompilierte Klasse Vorlage-Instanziierung "GamePhysics::vector3Dim<GamePhysics::Real>".
C:\Users\yanas\Documents\Uni\Semester 5\Game Physics\gamephysicstemplate-master\Simulations\util\vectorbase.h(204,34): warning C4244: "Argument": Konvertierung von "const Scalar" in "float", möglicher Datenverlust
          with
          [
              Scalar=GamePhysics::Real
          ]
C:\Users\yanas\Documents\Uni\Semester 5\Game Physics\gamephysicstemplate-master\Simulations\util\vectorbase.h(204,32): warning C4244: "Argument": Konvertierung von "const Scalar" in "float", möglicher Datenverlust
          with
          [
              Scalar=GamePhysics::Real
          ]
C:\Users\yanas\Documents\Uni\Semester 5\Game Physics\gamephysicstemplate-master\Simulations\util\matrixbase.h(777,79): warning C4244: "Argument": Konvertierung von "Scalar" in "float", möglicher Datenverlust
          with
          [
              Scalar=double
          ]
C:\Users\yanas\Documents\Uni\Semester 5\Game Physics\gamephysicstemplate-master\Simulations\util\matrixbase.h(773): message : beim Kompilieren der Klasse Vorlage-Memberfunktion "DirectX::XMMATRIX GamePhysics::matrix4x4<double>::toDirectXMatrix(void)"
C:\Users\yanas\Documents\Uni\Semester 5\Game Physics\gamephysicstemplate-master\Simulations\DrawingUtilitiesClass.h(380): message : Siehe Verweis auf die gerade kompilierte Instanziierung "DirectX::XMMATRIX GamePhysics::matrix4x4<double>::toDirectXMatrix(void)" der Funktions-Vorlage.
C:\Users\yanas\Documents\Uni\Semester 5\Game Physics\gamephysicstemplate-master\Simulations\DrawingUtilitiesClass.h(379): message : Siehe Verweis auf die gerade kompilierte Klasse Vorlage-Instanziierung "GamePhysics::matrix4x4<double>".
C:\Users\yanas\Documents\Uni\Semester 5\Game Physics\gamephysicstemplate-master\Simulations\util\matrixbase.h(777,61): warning C4244: "Argument": Konvertierung von "Scalar" in "float", möglicher Datenverlust
          with
          [
              Scalar=double
          ]
C:\Users\yanas\Documents\Uni\Semester 5\Game Physics\gamephysicstemplate-master\Simulations\util\matrixbase.h(777,43): warning C4244: "Argument": Konvertierung von "Scalar" in "float", möglicher Datenverlust
          with
          [
              Scalar=double
          ]
C:\Users\yanas\Documents\Uni\Semester 5\Game Physics\gamephysicstemplate-master\Simulations\util\matrixbase.h(777,25): warning C4244: "Argument": Konvertierung von "Scalar" in "float", möglicher Datenverlust
          with
          [
              Scalar=double
          ]
C:\Users\yanas\Documents\Uni\Semester 5\Game Physics\gamephysicstemplate-master\Simulations\util\matrixbase.h(776,79): warning C4244: "Argument": Konvertierung von "Scalar" in "float", möglicher Datenverlust
          with
          [
              Scalar=double
          ]
C:\Users\yanas\Documents\Uni\Semester 5\Game Physics\gamephysicstemplate-master\Simulations\util\matrixbase.h(776,61): warning C4244: "Argument": Konvertierung von "Scalar" in "float", möglicher Datenverlust
          with
          [
              Scalar=double
          ]
C:\Users\yanas\Documents\Uni\Semester 5\Game Physics\gamephysicstemplate-master\Simulations\util\matrixbase.h(776,43): warning C4244: "Argument": Konvertierung von "Scalar" in "float", möglicher Datenverlust
          with
          [
              Scalar=double
          ]
C:\Users\yanas\Documents\Uni\Semester 5\Game Physics\gamephysicstemplate-master\Simulations\util\matrixbase.h(776,25): warning C4244: "Argument": Konvertierung von "Scalar" in "float", möglicher Datenverlust
          with
          [
              Scalar=double
          ]
C:\Users\yanas\Documents\Uni\Semester 5\Game Physics\gamephysicstemplate-master\Simulations\util\matrixbase.h(775,79): warning C4244: "Argument": Konvertierung von "Scalar" in "float", möglicher Datenverlust
          with
          [
              Scalar=double
          ]
C:\Users\yanas\Documents\Uni\Semester 5\Game Physics\gamephysicstemplate-master\Simulations\util\matrixbase.h(775,61): warning C4244: "Argument": Konvertierung von "Scalar" in "float", möglicher Datenverlust
          with
          [
              Scalar=double
          ]
C:\Users\yanas\Documents\Uni\Semester 5\Game Physics\gamephysicstemplate-master\Simulations\util\matrixbase.h(775,43): warning C4244: "Argument": Konvertierung von "Scalar" in "float", möglicher Datenverlust
          with
          [
              Scalar=double
          ]
C:\Users\yanas\Documents\Uni\Semester 5\Game Physics\gamephysicstemplate-master\Simulations\util\matrixbase.h(775,25): warning C4244: "Argument": Konvertierung von "Scalar" in "float", möglicher Datenverlust
          with
          [
              Scalar=double
          ]
C:\Users\yanas\Documents\Uni\Semester 5\Game Physics\gamephysicstemplate-master\Simulations\util\matrixbase.h(774,97): warning C4244: "Argument": Konvertierung von "Scalar" in "float", möglicher Datenverlust
          with
          [
              Scalar=double
          ]
C:\Users\yanas\Documents\Uni\Semester 5\Game Physics\gamephysicstemplate-master\Simulations\util\matrixbase.h(774,79): warning C4244: "Argument": Konvertierung von "Scalar" in "float", möglicher Datenverlust
          with
          [
              Scalar=double
          ]
C:\Users\yanas\Documents\Uni\Semester 5\Game Physics\gamephysicstemplate-master\Simulations\util\matrixbase.h(774,61): warning C4244: "Argument": Konvertierung von "Scalar" in "float", möglicher Datenverlust
          with
          [
              Scalar=double
          ]
C:\Users\yanas\Documents\Uni\Semester 5\Game Physics\gamephysicstemplate-master\Simulations\util\matrixbase.h(774,43): warning C4244: "Argument": Konvertierung von "Scalar" in "float", möglicher Datenverlust
          with
          [
              Scalar=double
          ]
C:\Users\yanas\Documents\Uni\Semester 5\Game Physics\gamephysicstemplate-master\Simulations\util\vectorbase.h(1092,2): warning C4996: '_snprintf': This function or variable may be unsafe. Consider using _snprintf_s instead. To disable deprecation, use _CRT_SECURE_NO_WARNINGS. See online help for details.
C:\Users\yanas\Documents\Uni\Semester 5\Game Physics\gamephysicstemplate-master\Simulations\MassSpringSystemSimulator.cpp(76): message : Siehe Verweis auf die gerade kompilierte Instanziierung "std::ostream &GamePhysics::operator <<<GamePhysics::Real>(std::ostream &,const GamePhysics::vector3Dim<GamePhysics::Real> &)" der Funktions-Vorlage.
  Demo_2017.vcxproj -> C:\Users\yanas\Documents\Uni\Semester 5\Game Physics\gamephysicstemplate-master\Win32\Debug\Simulations.lib
